<?xml version="1.0" encoding="UTF-8"?>
<!-- Generated by org.testng.reporters.JUnitReportReporter -->
<testsuite hostname="IB-SEZ-LAP-984" failures="0" tests="6" name="com.evo.testcases.DashboardPageTest" time="96.991" errors="0" timestamp="2022-02-25T15:12:12 IST" skipped="0">
  <testcase classname="com.evo.testcases.DashboardPageTest" name="clickWidgetviewTest" time="16.842"/>
  <system-out/>
  <testcase classname="com.evo.testcases.DashboardPageTest" name="verfyFirstWidgetTest" time="15.880"/>
  <system-out/>
  <testcase classname="com.evo.testcases.DashboardPageTest" name="verifySecondWidgetTest" time="15.709"/>
  <system-out/>
  <testcase classname="com.evo.testcases.DashboardPageTest" name="verifyThirdWidgetTest" time="18.688"/>
  <system-out/>
  <testcase classname="com.evo.testcases.DashboardPageTest" name="verifyFourthWidgetTest" time="14.560"/>
  <system-out/>
  <testcase classname="com.evo.testcases.DashboardPageTest" name="verifyFifthWidgetTest" time="15.312"/>
  <system-out/>
</testsuite> <!-- com.evo.testcases.DashboardPageTest -->
