<?xml version="1.0" encoding="UTF-8"?>
<!-- Generated by org.testng.reporters.JUnitReportReporter -->
<testsuite hostname="IB-SEZ-LAP-984" failures="0" tests="2" name="com.evo.testcases.LoginPageTest" time="16.495" errors="0" timestamp="2022-02-23T14:24:39 IST" skipped="0">
  <testcase classname="com.evo.testcases.LoginPageTest" name="verifyENpage" time="4.357"/>
  <system-out/>
  <testcase classname="com.evo.testcases.LoginPageTest" name="verifyLogin" time="12.138"/>
  <system-out/>
</testsuite> <!-- com.evo.testcases.LoginPageTest -->
