<?xml version="1.0" encoding="UTF-8"?>
<!-- Generated by org.testng.reporters.JUnitReportReporter -->
<testsuite hostname="IB-SEZ-LAP-984" failures="0" tests="4" name="com.evo.testcases.LoginPageTest" time="30.072" errors="0" timestamp="2022-02-18T13:48:06 IST" skipped="0">
  <testcase classname="com.evo.testcases.LoginPageTest" name="verifyENpage" time="4.279"/>
  <system-out/>
  <testcase classname="com.evo.testcases.LoginPageTest" name="verifyARpage" time="6.638"/>
  <system-out/>
  <testcase classname="com.evo.testcases.LoginPageTest" name="verifyFRpage" time="9.223"/>
  <system-out/>
  <testcase classname="com.evo.testcases.LoginPageTest" name="loginCheck" time="9.932"/>
  <system-out/>
</testsuite> <!-- com.evo.testcases.LoginPageTest -->
