<?xml version="1.0" encoding="UTF-8"?>
<!-- Generated by org.testng.reporters.JUnitReportReporter -->
<testsuite hostname="IB-SEZ-LAP-984" failures="0" tests="4" name="com.evo.testcases.LoginPageTest" time="59.465" errors="0" timestamp="2022-02-28T11:06:44 IST" skipped="0">
  <testcase classname="com.evo.testcases.LoginPageTest" name="verifyENpage" time="5.550"/>
  <system-out/>
  <testcase classname="com.evo.testcases.LoginPageTest" name="verifyARpage" time="12.549"/>
  <system-out/>
  <testcase classname="com.evo.testcases.LoginPageTest" name="verifyFRpage" time="22.318"/>
  <system-out/>
  <testcase classname="com.evo.testcases.LoginPageTest" name="verifyLogin" time="19.048"/>
  <system-out/>
</testsuite> <!-- com.evo.testcases.LoginPageTest -->
