<?xml version="1.0" encoding="UTF-8"?>
<!-- Generated by org.testng.reporters.JUnitReportReporter -->
<testsuite hostname="IB-SEZ-LAP-984" failures="0" tests="4" name="com.evo.testcases.LoginPageTest" time="46.597" errors="0" timestamp="2022-02-25T15:12:12 IST" skipped="0">
  <testcase classname="com.evo.testcases.LoginPageTest" name="verifyENpage" time="6.474"/>
  <system-out/>
  <testcase classname="com.evo.testcases.LoginPageTest" name="verifyARpage" time="10.956"/>
  <system-out/>
  <testcase classname="com.evo.testcases.LoginPageTest" name="verifyFRpage" time="17.524"/>
  <system-out/>
  <testcase classname="com.evo.testcases.LoginPageTest" name="verifyLogin" time="11.643"/>
  <system-out/>
</testsuite> <!-- com.evo.testcases.LoginPageTest -->
