<?xml version="1.0" encoding="UTF-8"?>
<!-- Generated by org.testng.reporters.JUnitReportReporter -->
<testsuite hostname="IB-SEZ-LAP-984" failures="0" tests="4" name="com.evo.testcases.LoginPageTest" time="31.899" errors="0" timestamp="2022-02-17T19:41:13 IST" skipped="0">
  <testcase classname="com.evo.testcases.LoginPageTest" name="verifyENpage" time="5.892"/>
  <system-out/>
  <testcase classname="com.evo.testcases.LoginPageTest" name="verifyARpage" time="7.126"/>
  <system-out/>
  <testcase classname="com.evo.testcases.LoginPageTest" name="verifyFRpage" time="7.397"/>
  <system-out/>
  <testcase classname="com.evo.testcases.LoginPageTest" name="loginCheck" time="11.484"/>
  <system-out/>
</testsuite> <!-- com.evo.testcases.LoginPageTest -->
