<?xml version="1.0" encoding="UTF-8"?>
<!-- Generated by org.testng.reporters.JUnitReportReporter -->
<testsuite hostname="IB-SEZ-LAP-984" failures="0" tests="4" name="com.evo.testcases.LoginPageTest" time="28.766" errors="0" timestamp="2022-02-18T13:33:28 IST" skipped="0">
  <testcase classname="com.evo.testcases.LoginPageTest" name="verifyENpage" time="4.018"/>
  <system-out/>
  <testcase classname="com.evo.testcases.LoginPageTest" name="verifyARpage" time="7.955"/>
  <system-out/>
  <testcase classname="com.evo.testcases.LoginPageTest" name="verifyFRpage" time="6.631"/>
  <system-out/>
  <testcase classname="com.evo.testcases.LoginPageTest" name="loginCheck" time="10.162"/>
  <system-out/>
</testsuite> <!-- com.evo.testcases.LoginPageTest -->
