<?xml version="1.0" encoding="UTF-8"?>
<!-- Generated by org.testng.reporters.JUnitReportReporter -->
<testsuite hostname="IB-SEZ-LAP-984" failures="0" tests="6" name="com.evo.testcases.DashboardPageTest" time="84.726" errors="0" timestamp="2022-02-25T13:12:45 IST" skipped="0">
  <testcase classname="com.evo.testcases.DashboardPageTest" name="clickWidgetviewTest" time="12.170"/>
  <system-out/>
  <testcase classname="com.evo.testcases.DashboardPageTest" name="verfyFirstWidgetTest" time="12.747"/>
  <system-out/>
  <testcase classname="com.evo.testcases.DashboardPageTest" name="verifySecondWidgetTest" time="13.270"/>
  <system-out/>
  <testcase classname="com.evo.testcases.DashboardPageTest" name="verifyThirdWidgetTest" time="18.588"/>
  <system-out/>
  <testcase classname="com.evo.testcases.DashboardPageTest" name="verifyFourthWidgetTest" time="13.620"/>
  <system-out/>
  <testcase classname="com.evo.testcases.DashboardPageTest" name="verifyFifthWidgetTest" time="14.331"/>
  <system-out/>
</testsuite> <!-- com.evo.testcases.DashboardPageTest -->
