<?xml version="1.0" encoding="UTF-8"?>
<!-- Generated by org.testng.reporters.JUnitReportReporter -->
<testsuite hostname="IB-SEZ-LAP-984" failures="0" tests="6" name="com.evo.testcases.DashboardPageTest" time="85.658" errors="0" timestamp="2022-02-28T11:06:44 IST" skipped="0">
  <testcase classname="com.evo.testcases.DashboardPageTest" name="clickWidgetviewTest" time="13.529"/>
  <system-out/>
  <testcase classname="com.evo.testcases.DashboardPageTest" name="verfyFirstWidgetTest" time="14.224"/>
  <system-out/>
  <testcase classname="com.evo.testcases.DashboardPageTest" name="verifySecondWidgetTest" time="13.402"/>
  <system-out/>
  <testcase classname="com.evo.testcases.DashboardPageTest" name="verifyThirdWidgetTest" time="17.062"/>
  <system-out/>
  <testcase classname="com.evo.testcases.DashboardPageTest" name="verifyFourthWidgetTest" time="14.558"/>
  <system-out/>
  <testcase classname="com.evo.testcases.DashboardPageTest" name="verifyFifthWidgetTest" time="12.883"/>
  <system-out/>
</testsuite> <!-- com.evo.testcases.DashboardPageTest -->
