<?xml version="1.0" encoding="UTF-8"?>
<!-- Generated by org.testng.reporters.JUnitReportReporter -->
<testsuite hostname="IB-SEZ-LAP-984" failures="0" tests="4" name="com.evo.testcases.LoginPageTest" time="39.319" errors="0" timestamp="2022-02-23T16:53:14 IST" skipped="0">
  <testcase classname="com.evo.testcases.LoginPageTest" name="verifyENpage" time="5.250"/>
  <system-out/>
  <testcase classname="com.evo.testcases.LoginPageTest" name="verifyARpage" time="10.169"/>
  <system-out/>
  <testcase classname="com.evo.testcases.LoginPageTest" name="verifyFRpage" time="11.747"/>
  <system-out/>
  <testcase classname="com.evo.testcases.LoginPageTest" name="verifyLogin" time="12.153"/>
  <system-out/>
</testsuite> <!-- com.evo.testcases.LoginPageTest -->
