<?xml version="1.0" encoding="UTF-8"?>
<!-- Generated by org.testng.reporters.JUnitReportReporter -->
<testsuite hostname="IB-SEZ-LAP-984" failures="0" tests="6" name="com.evo.testcases.DashboardPageTest" time="92.541" errors="0" timestamp="2022-02-28T14:42:33 IST" skipped="0">
  <testcase classname="com.evo.testcases.DashboardPageTest" name="clickWidgetviewTest" time="13.601"/>
  <system-out/>
  <testcase classname="com.evo.testcases.DashboardPageTest" name="verfyFirstWidgetTest" time="21.452"/>
  <system-out/>
  <testcase classname="com.evo.testcases.DashboardPageTest" name="verifySecondWidgetTest" time="13.575"/>
  <system-out/>
  <testcase classname="com.evo.testcases.DashboardPageTest" name="verifyThirdWidgetTest" time="15.401"/>
  <system-out/>
  <testcase classname="com.evo.testcases.DashboardPageTest" name="verifyFourthWidgetTest" time="14.012"/>
  <system-out/>
  <testcase classname="com.evo.testcases.DashboardPageTest" name="verifyFifthWidgetTest" time="14.500"/>
  <system-out/>
</testsuite> <!-- com.evo.testcases.DashboardPageTest -->
