<?xml version="1.0" encoding="UTF-8"?>
<!-- Generated by org.testng.reporters.JUnitReportReporter -->
<testsuite hostname="IB-SEZ-LAP-984" failures="0" tests="4" name="com.evo.testcases.LoginPageTest" time="51.476" errors="0" timestamp="2022-02-22T17:02:31 IST" skipped="0">
  <testcase classname="com.evo.testcases.LoginPageTest" name="verifyARpage" time="5.926"/>
  <system-out/>
  <testcase classname="com.evo.testcases.LoginPageTest" name="verifyFRpage" time="6.307"/>
  <system-out/>
  <testcase classname="com.evo.testcases.LoginPageTest" name="verifyLogin" time="31.835"/>
  <system-out/>
  <testcase classname="com.evo.testcases.LoginPageTest" name="verifyENpage" time="7.408"/>
  <system-out/>
</testsuite> <!-- com.evo.testcases.LoginPageTest -->
