<?xml version="1.0" encoding="UTF-8"?>
<!-- Generated by org.testng.reporters.JUnitReportReporter -->
<testsuite hostname="IB-SEZ-LAP-984" failures="0" tests="4" name="com.evo.testcases.LoginPageTest" time="43.392" errors="0" timestamp="2022-02-24T16:34:04 IST" skipped="0">
  <testcase classname="com.evo.testcases.LoginPageTest" name="verifyENpage" time="12.767"/>
  <system-out/>
  <testcase classname="com.evo.testcases.LoginPageTest" name="verifyARpage" time="9.818"/>
  <system-out/>
  <testcase classname="com.evo.testcases.LoginPageTest" name="verifyFRpage" time="10.031"/>
  <system-out/>
  <testcase classname="com.evo.testcases.LoginPageTest" name="verifyLogin" time="10.776"/>
  <system-out/>
</testsuite> <!-- com.evo.testcases.LoginPageTest -->
